f:\projects\personal\spoon\consoleapplication1\x64\debug\vc142.pdb
f:\projects\personal\spoon\consoleapplication1\x64\debug\vc142.idb
f:\projects\personal\spoon\consoleapplication1\x64\debug\skull.obj
f:\projects\personal\spoon\consoleapplication1\x64\debug\spoon.obj
f:\projects\personal\spoon\consoleapplication1\x64\debug\projectile.obj
f:\projects\personal\spoon\consoleapplication1\x64\debug\player.obj
f:\projects\personal\spoon\consoleapplication1\x64\debug\monster.obj
f:\projects\personal\spoon\consoleapplication1\x64\debug\collisionmodel.obj
f:\projects\personal\spoon\consoleapplication1\x64\debug\arena.obj
f:\projects\personal\spoon\consoleapplication1\x64\debug\client.obj
f:\projects\personal\spoon\consoleapplication1\x64\debug\time.obj
f:\projects\personal\spoon\consoleapplication1\x64\debug\fpscounter.obj
f:\projects\personal\spoon\consoleapplication1\x64\debug\filesystem.obj
f:\projects\personal\spoon\consoleapplication1\x64\debug\filehandle.obj
f:\projects\personal\spoon\consoleapplication1\x64\debug\config.obj
f:\projects\personal\spoon\consoleapplication1\x64\debug\streamparserwav.obj
f:\projects\personal\spoon\consoleapplication1\x64\debug\streamparser.obj
f:\projects\personal\spoon\consoleapplication1\x64\debug\source.obj
f:\projects\personal\spoon\consoleapplication1\x64\debug\effect.obj
f:\projects\personal\spoon\consoleapplication1\x64\debug\buffer.obj
f:\projects\personal\spoon\consoleapplication1\x64\debug\audiosystem.obj
f:\projects\personal\spoon\consoleapplication1\x64\debug\audioobject.obj
f:\projects\personal\spoon\consoleapplication1\x64\debug\texture.obj
f:\projects\personal\spoon\consoleapplication1\x64\debug\shader.obj
f:\projects\personal\spoon\consoleapplication1\x64\debug\renderer.obj
f:\projects\personal\spoon\consoleapplication1\x64\debug\program.obj
f:\projects\personal\spoon\consoleapplication1\x64\debug\objmodel.obj
f:\projects\personal\spoon\consoleapplication1\x64\debug\model.obj
f:\projects\personal\spoon\consoleapplication1\x64\debug\font.obj
f:\projects\personal\spoon\consoleapplication1\x64\debug\camera.obj
f:\projects\personal\spoon\consoleapplication1\x64\debug\inputhandler.obj
f:\projects\personal\spoon\consoleapplication1\x64\debug\definitions.obj
f:\projects\personal\spoon\consoleapplication1\x64\debug\gamename.obj
f:\projects\personal\spoon\consoleapplication1\x64\debug\spawner.obj
f:\projects\personal\spoon\x64\debug\spoon.ilk
f:\projects\personal\spoon\x64\debug\spoon.exe
f:\projects\personal\spoon\x64\debug\spoon.pdb
f:\projects\personal\spoon\consoleapplication1\x64\debug\spoon.tlog\cl.command.1.tlog
f:\projects\personal\spoon\consoleapplication1\x64\debug\spoon.tlog\cl.read.1.tlog
f:\projects\personal\spoon\consoleapplication1\x64\debug\spoon.tlog\cl.write.1.tlog
f:\projects\personal\spoon\consoleapplication1\x64\debug\spoon.tlog\link.command.1.tlog
f:\projects\personal\spoon\consoleapplication1\x64\debug\spoon.tlog\link.read.1.tlog
f:\projects\personal\spoon\consoleapplication1\x64\debug\spoon.tlog\link.write.1.tlog
